<?xml version="1.0" encoding="UTF-8"?>
<!-- Generated by org.testng.reporters.JUnitReportReporter -->
<testsuite hostname="DESKTOP-51696N7" failures="0" tests="3" name="practice.Dataprovider" time="0.016" errors="0" timestamp="2025-09-15T16:09:47 IST" skipped="0">
  <testcase classname="practice.Dataprovider" name="login" time="0.012"/>
  <testcase classname="practice.Dataprovider" name="login" time="0.002"/>
  <testcase classname="practice.Dataprovider" name="login" time="0.002"/>
</testsuite> <!-- practice.Dataprovider -->
