<?xml version="1.0" encoding="UTF-8"?>
<!-- Generated by org.testng.reporters.JUnitReportReporter -->
<testsuite hostname="DESKTOP-51696N7" failures="0" tests="1" name="configurationAnnotation.NewTest" time="0.008" errors="0" timestamp="2025-08-29T10:15:41 IST" skipped="0">
  <testcase classname="configurationAnnotation.NewTest" name="f" time="0.008"/>
</testsuite> <!-- configurationAnnotation.NewTest -->
