<?xml version="1.0" encoding="UTF-8"?>
<!-- Generated by org.testng.reporters.JUnitReportReporter -->
<testsuite hostname="DESKTOP-51696N7" failures="0" tests="1" name="assertionDemo.AssertTrue" time="0.014" errors="0" timestamp="2025-09-18T10:08:30 IST" skipped="0">
  <testcase classname="assertionDemo.AssertTrue" name="Test" time="0.014"/>
</testsuite> <!-- assertionDemo.AssertTrue -->
