<?xml version="1.0" encoding="UTF-8"?>
<!-- Generated by org.testng.reporters.JUnitReportReporter -->
<testsuite hostname="DESKTOP-51696N7" failures="0" tests="1" name="com.ninza.crm.producttest.CreateProductTestWithGroups" time="7.127" errors="0" timestamp="2025-09-12T19:00:08 IST" skipped="0">
  <testcase classname="com.ninza.crm.producttest.CreateProductTestWithGroups" name="CreateProductWithMandatoryFieldTest" time="7.127"/>
</testsuite> <!-- com.ninza.crm.producttest.CreateProductTestWithGroups -->
