<?xml version="1.0" encoding="UTF-8"?>
<!-- Generated by org.testng.reporters.JUnitReportReporter -->
<testsuite hostname="DESKTOP-51696N7" failures="0" tests="12" name="practice.DataproviderForLoop" time="0.034" errors="0" timestamp="2025-08-28T17:40:51 IST" skipped="0">
  <testcase classname="practice.DataproviderForLoop" name="login" time="0.001"/>
  <testcase classname="practice.DataproviderForLoop" name="login" time="0.001"/>
  <testcase classname="practice.DataproviderForLoop" name="login" time="0.001"/>
  <testcase classname="practice.DataproviderForLoop" name="login" time="0.000"/>
  <testcase classname="practice.DataproviderForLoop" name="login" time="0.001"/>
  <testcase classname="practice.DataproviderForLoop" name="login" time="0.003"/>
  <testcase classname="practice.DataproviderForLoop" name="login" time="0.001"/>
  <testcase classname="practice.DataproviderForLoop" name="login" time="0.020"/>
  <testcase classname="practice.DataproviderForLoop" name="login" time="0.001"/>
  <testcase classname="practice.DataproviderForLoop" name="login" time="0.002"/>
  <testcase classname="practice.DataproviderForLoop" name="login" time="0.002"/>
  <testcase classname="practice.DataproviderForLoop" name="login" time="0.001"/>
</testsuite> <!-- practice.DataproviderForLoop -->
