<?xml version="1.0" encoding="UTF-8"?>
<!-- Generated by org.testng.reporters.JUnitReportReporter -->
<testsuite hostname="DESKTOP-51696N7" failures="0" tests="1" name="com.ninza.crm.producttest.CreateProductTestWithGroups" time="6.639" errors="0" timestamp="2025-09-19T23:05:01 IST" skipped="0">
  <testcase classname="com.ninza.crm.producttest.CreateProductTestWithGroups" name="CreateProductWithMandatoryFieldTest" time="6.639"/>
</testsuite> <!-- com.ninza.crm.producttest.CreateProductTestWithGroups -->
