<?xml version="1.0" encoding="UTF-8"?>
<!-- Generated by org.testng.reporters.JUnitReportReporter -->
<testsuite hostname="DESKTOP-51696N7" failures="0" tests="1" name="com.ninza.crm.producttest.CreateProductMam" time="5.187" errors="0" timestamp="2025-09-10T21:48:15 IST" skipped="0">
  <testcase classname="com.ninza.crm.producttest.CreateProductMam" name="CreateProductWithMandatoryFieldTest" time="5.187"/>
</testsuite> <!-- com.ninza.crm.producttest.CreateProductMam -->
