<?xml version="1.0" encoding="UTF-8"?>
<!-- Generated by org.testng.reporters.JUnitReportReporter -->
<testsuite hostname="DESKTOP-51696N7" failures="0" tests="2" name="com.ninza.crm.campaignstest.CreateCampaignTestWithGroups" time="9.869" errors="0" timestamp="2025-09-19T23:07:00 IST" skipped="0">
  <testcase classname="com.ninza.crm.campaignstest.CreateCampaignTestWithGroups" name="createCampaignWithExpectedCloseDateTest" time="3.688"/>
  <testcase classname="com.ninza.crm.campaignstest.CreateCampaignTestWithGroups" name="createCamapignWithMandataoryFieldsTest" time="6.181"/>
</testsuite> <!-- com.ninza.crm.campaignstest.CreateCampaignTestWithGroups -->
