<?xml version="1.0" encoding="UTF-8"?>
<!-- Generated by org.testng.reporters.JUnitReportReporter -->
<testsuite hostname="DESKTOP-51696N7" failures="0" tests="1" name="com.ninza.crm.baseclass.BaseClass" time="3.977" errors="0" timestamp="2025-09-09T19:34:25 IST" skipped="0">
  <testcase classname="com.ninza.crm.baseclass.BaseClass" name="f" time="3.977"/>
</testsuite> <!-- com.ninza.crm.baseclass.BaseClass -->
