<?xml version="1.0" encoding="UTF-8"?>
<!-- Generated by org.testng.reporters.JUnitReportReporter -->
<testsuite hostname="DESKTOP-51696N7" failures="0" tests="2" name="com.ninza.crm.campaignstest.CreateCampaignMam" time="8.954" errors="0" timestamp="2025-09-19T22:58:46 IST" skipped="0">
  <testcase classname="com.ninza.crm.campaignstest.CreateCampaignMam" name="createCamapignWithMandataoryFieldsTest" time="3.652"/>
  <testcase classname="com.ninza.crm.campaignstest.CreateCampaignMam" name="createCampaignWithExpectedCloseDateTest" time="5.302"/>
</testsuite> <!-- com.ninza.crm.campaignstest.CreateCampaignMam -->
