<?xml version="1.0" encoding="UTF-8"?>
<!-- Generated by org.testng.reporters.JUnitReportReporter -->
<testsuite hostname="DESKTOP-51696N7" failures="0" tests="1" name="practice.AsserionDemo" time="0.013" errors="0" timestamp="2025-09-17T19:58:30 IST" skipped="0">
  <testcase classname="practice.AsserionDemo" name="Test" time="0.013"/>
</testsuite> <!-- practice.AsserionDemo -->
