<?xml version="1.0" encoding="UTF-8"?>
<!-- Generated by org.testng.reporters.JUnitReportReporter -->
<testsuite hostname="DESKTOP-51696N7" failures="0" tests="1" name="practice.AsserionNull" time="0.012" errors="0" timestamp="2025-09-21T15:35:34 IST" skipped="0">
  <testcase classname="practice.AsserionNull" name="test" time="0.012"/>
</testsuite> <!-- practice.AsserionNull -->
