<?xml version="1.0" encoding="UTF-8"?>
<!-- Generated by org.testng.reporters.JUnitReportReporter -->
<testsuite hostname="DESKTOP-51696N7" failures="0" tests="2" name="com.ninza.crm.campaignstest.CreateCampaignMam" time="12.617" errors="0" timestamp="2025-09-10T21:48:15 IST" skipped="0">
  <testcase classname="com.ninza.crm.campaignstest.CreateCampaignMam" name="createCamapignWithMandataoryFieldsTest" time="3.367"/>
  <testcase classname="com.ninza.crm.campaignstest.CreateCampaignMam" name="createCampaignWithExpectedCloseDateTest" time="9.250"/>
</testsuite> <!-- com.ninza.crm.campaignstest.CreateCampaignMam -->
