<?xml version="1.0" encoding="UTF-8"?>
<!-- Generated by org.testng.reporters.JUnitReportReporter -->
<testsuite hostname="DESKTOP-51696N7" failures="0" tests="2" name="com.ninza.crm.campaignstest.CreateCampaignTestWithGroups" time="10.684" errors="0" timestamp="2025-09-13T20:14:21 IST" skipped="0">
  <testcase classname="com.ninza.crm.campaignstest.CreateCampaignTestWithGroups" name="createCampaignWithExpectedCloseDateTest" time="5.401"/>
  <testcase classname="com.ninza.crm.campaignstest.CreateCampaignTestWithGroups" name="createCamapignWithMandataoryFieldsTest" time="5.283"/>
</testsuite> <!-- com.ninza.crm.campaignstest.CreateCampaignTestWithGroups -->
