<?xml version="1.0" encoding="UTF-8"?>
<!-- Generated by org.testng.reporters.JUnitReportReporter -->
<testsuite hostname="DESKTOP-51696N7" failures="0" tests="1" name="asserionDemo.AssertEquals" time="0.016" errors="0" timestamp="2025-09-17T20:44:43 IST" skipped="0">
  <testcase classname="asserionDemo.AssertEquals" name="Test" time="0.016"/>
</testsuite> <!-- asserionDemo.AssertEquals -->
